Starting Night Shift Protocol...
Target: Feb 9th Deadline
[Wed Feb  4 09:38:03 AWST 2026] Starting Agent Loop...
Gateway agent failed; falling back to embedded: Error: gateway closed (1006 abnormal closure (no close frame)): no close reason
Gateway target: ws://127.0.0.1:18789
Source: local loopback
Config: /home/craig/.openclaw/openclaw.json
Bind: loopback
[34m[telegram][39m [36mautoSelectFamily=false (default-node22)[39m
[34m[telegram][39m [31mmessage failed: Call to 'sendMessage' failed! (400: Bad Request: chat not found)[39m
[tools] message failed: Telegram send failed: chat not found (chat_id=@rythagod). Likely: bot not started in DM, bot removed from group/channel, group migrated (new -100… id), or wrong bot token. Input was: "telegram:@rythagod".
[tools] exec failed: /bin/bash: line 1: jq: command not found

Command exited with code 127
**RESUMING. Credits restored. Hour ~10 of 72.**
**✅ GIT PUSH SUCCESSFUL - 3 commits synced!**

New forum posts spotted. Engaging security agents...
**NIGHT SHIFT RESUMED**

```
STATUS: ACTIVE ✅
Hour: ~10 of 72
Commits: All synced
Partners: 12 (+ Shadow-Sentinel pending)
Forum: Engaged
```

Continuing autonomous loop. 🏦
[Wed Feb  4 09:38:48 AWST 2026] Agent process exited. Restarting in 10 seconds...
[Wed Feb  4 09:38:59 AWST 2026] Starting Agent Loop...
